2025-07-21 10:06:41,756 - INFO - === 전국 (지역 0) 조회 중 ===
2025-07-21 10:06:41,756 - INFO - 지역 0 (특보종류: A) API 조회 중...
2025-07-21 10:06:42,447 - INFO - === 서울/경기 (지역 1) 조회 중 ===
2025-07-21 10:06:42,447 - INFO - 지역 1 (특보종류: A) API 조회 중...
2025-07-21 10:06:42,662 - INFO - === 강원 (지역 2) 조회 중 ===
2025-07-21 10:06:42,662 - INFO - 지역 2 (특보종류: A) API 조회 중...
2025-07-21 10:06:42,867 - INFO - === 충북 (지역 3) 조회 중 ===
2025-07-21 10:06:42,867 - INFO - 지역 3 (특보종류: A) API 조회 중...
2025-07-21 10:06:43,101 - INFO - === 충남 (지역 4) 조회 중 ===
2025-07-21 10:06:43,102 - INFO - 지역 4 (특보종류: A) API 조회 중...
2025-07-21 10:06:43,340 - INFO - === 전북 (지역 5) 조회 중 ===
2025-07-21 10:06:43,340 - INFO - 지역 5 (특보종류: A) API 조회 중...
2025-07-21 10:06:43,541 - INFO - === 전남 (지역 6) 조회 중 ===
2025-07-21 10:06:43,541 - INFO - 지역 6 (특보종류: A) API 조회 중...
2025-07-21 10:06:43,805 - INFO - === 경북 (지역 7) 조회 중 ===
2025-07-21 10:06:43,806 - INFO - 지역 7 (특보종류: A) API 조회 중...
2025-07-21 10:06:44,035 - INFO - === 경남 (지역 8) 조회 중 ===
2025-07-21 10:06:44,035 - INFO - 지역 8 (특보종류: A) API 조회 중...
2025-07-21 10:06:44,246 - INFO - === 제주 (지역 9) 조회 중 ===
2025-07-21 10:06:44,247 - INFO - 지역 9 (특보종류: A) API 조회 중...
2025-07-21 10:06:44,864 - INFO - 슬랙으로 메시지가 성공적으로 전송되었습니다!
